// 重构日志: f0ed645d
// 重构日志: fb8e53d8
// 重构日志: db33d101
// 重构日志: 8093b882
// 重构日志: d8ec04ac
// 重构日志: dadfa204
// 重构日志: dcb8b19b
// 重构日志: 68e5746f
// 重构日志: cb0b5242
// 重构日志: cf460a90
// 同步 ID: 37d74a49 @ Sat Jul 11 15:55:10 UTC 2026
// 重构日志: ea14ebe5
// 同步 ID: 3d0a1af9 @ Sun Jul 12 15:44:41 UTC 2026
// 重构日志: 88d12704
// 同步 ID: 14e9299d @ Tue Jul 14 18:17:18 UTC 2026
// 重构日志: 7604a7d4
// 同步 ID: a23e3e51 @ Wed Jul 15 18:00:00 UTC 2026
// 重构日志: 0b491ad8
// 重构日志: 2c9e8f4b
// 重构日志: d671a4ac
// 重构日志: ed37c1fa
// 同步 ID: 06b4b15b @ Sat Jul 18 12:06:02 UTC 2026
// 重构日志: 0a812746
// 同步 ID: e6f669e5 @ Sat Jul 18 17:44:05 UTC 2026
// 同步 ID: b067a43f @ Sun Jul 19 00:07:56 UTC 2026
// 重构日志: 3c2ebff0
// 重构日志: 2df0459a
// 同步 ID: ac1e126e @ Mon Jul 20 04:05:53 UTC 2026
// 同步 ID: d1e70d2f @ Mon Jul 20 11:54:34 UTC 2026
// 同步 ID: 1c103b45 @ Mon Jul 20 23:06:00 UTC 2026
